<?xml version="1.0" encoding="UTF-8"?>
<!-- Generated by org.testng.reporters.JUnitReportReporter -->
<testsuite skipped="0" hostname="DESKTOP-QLRJ43V" name="hiremee.hire" tests="1" failures="0" timestamp="05 May 2019 01:48:36 GMT" time="56.217" errors="0">
  <testcase name="test" time="56.217" classname="hiremee.hire"/>
</testsuite> <!-- hiremee.hire -->
